Arguments: 
  C:\Program Files\nodejs\node.exe C:\Program Files (x86)\Yarn\bin\yarn.js

PATH: 
  C:\2_Projekt\Stuff\blog\pebbles_bambam\pebbles-and-bambam\node_modules\.bin;C:\Program Files\JetBrains\WebStorm 2019.1.3\jre64\\bin;C:\Program Files\JetBrains\WebStorm 2019.1.3\jre64\\bin\server;C:\Program Files\Common Files\Microsoft Shared\Microsoft Online Services;C:\Program Files (x86)\Common Files\Microsoft Shared\Microsoft Online Services;C:\Program Files (x86)\Intel\Intel(R) Management Engine Components\iCLS\;C:\Program Files\Intel\Intel(R) Management Engine Components\iCLS\;C:\Program Files (x86)\Common Files\Oracle\Java\javapath;C:\WINDOWS\system32;C:\WINDOWS;C:\WINDOWS\System32\Wbem;C:\WINDOWS\System32\WindowsPowerShell\v1.0\;C:\Program Files\Intel\WiFi\bin\;C:\Program Files\Common Files\Intel\WirelessCommon\;C:\Program Files (x86)\Intel\Intel(R) Management Engine Components\DAL;C:\Program Files\Intel\Intel(R) Management Engine Components\DAL;C:\Program Files (x86)\Intel\Intel(R) Management Engine Components\IPT;C:\Program Files\Intel\Intel(R) Management Engine Components\IPT;C:\Program Files\Git\cmd;C:\Users\werner.rauch\AppData\Roaming\nvm;C:\Program Files\nodejs;C:\Program Files (x86)\Yarn\bin\;C:\Program Files\Amazon\AWSSAMCLI\bin\;C:\WINDOWS\System32\OpenSSH\;C:\Program Files\Docker\Docker\resources\bin;C:\ProgramData\DockerDesktop\version-bin;C:\Program Files (x86)\Sennheiser\SenncomSDK\;C:\Users\werner.rauch\AppData\Local\Programs\Python\Python37-32\Scripts\;C:\Users\werner.rauch\AppData\Local\Programs\Python\Python37-32\;C:\Users\werner.rauch\AppData\Local\Microsoft\WindowsApps;C:\Users\werner.rauch\AppData\Roaming\npm;C:\Users\werner.rauch\AppData\Roaming\nvm;C:\Program Files\nodejs;C:\Users\werner.rauch\AppData\Local\Yarn\bin;C:\Users\werner.rauch\AppData\Roaming\Python\Python37\Scripts;C:\User\maven\bin;

Yarn version: 
  1.16.0

Node version: 
  12.13.0

Platform: 
  win32 x64

Trace: 
  Error: https://registry.yarnpkg.com/date-fns/-/date-fns-2.22.1.tgz: ESOCKETTIMEDOUT
      at ClientRequest.<anonymous> (C:\Program Files (x86)\Yarn\lib\cli.js:130217:19)
      at Object.onceWrapper (day-1.js:299:28)
      at ClientRequest.emit (day-1.js:210:5)
      at TLSSocket.emitRequestTimeout (_http_client.js:690:9)
      at Object.onceWrapper (day-1.js:299:28)
      at TLSSocket.emit (day-1.js:210:5)
      at TLSSocket.Socket._onTimeout (net.js:468:8)
      at listOnTimeout (internal/timers.js:531:17)
      at processTimers (internal/timers.js:475:7)

npm manifest: 
  {
    "name": "pebbles-and-bambam",
    "version": "1.0.0",
    "private": true,
    "description": "Pebbles and Bambam",
    "author": "Werner Rauch",
    "keywords": [
      "gatsby"
    ],
    "scripts": {
      "develop": "gatsby develop",
      "start": "gatsby develop",
      "build": "gatsby build",
      "serve": "gatsby serve",
      "clean": "gatsby clean"
    },
    "dependencies": {
      "babel-plugin-styled-components": "^1.11.1",
      "gatsby": "^2.24.89",
      "gatsby-awesome-pagination": "^0.3.6",
      "gatsby-image": "^2.4.21",
      "gatsby-plugin-css-customs": "^0.4.0",
      "gatsby-plugin-manifest": "^2.4.36",
      "gatsby-plugin-offline": "^3.2.37",
      "gatsby-plugin-postcss": "^2.3.13",
      "gatsby-plugin-react-helmet": "^3.3.14",
      "gatsby-plugin-sharp": "^2.6.43",
      "gatsby-plugin-styled-components": "^3.3.14",
      "gatsby-remark-images": "^3.3.39",
      "gatsby-source-filesystem": "^2.3.37",
      "gatsby-transformer-remark": "^2.8.46",
      "gatsby-transformer-sharp": "^2.5.20",
      "gatsby-transformer-yaml": "^2.4.15",
      "prop-types": "^15.7.2",
      "react": "^16.14.0",
      "react-dom": "^16.14.0",
      "react-helmet": "^6.1.0",
      "styled-components": "^5.2.0"
    },
    "devDependencies": {
      "prettier": "2.1.2"
    }
  }

yarn manifest: 
  No manifest

Lockfile: 
  No lockfile
